<?xml version="1.0" encoding="UTF-8"?>
<!-- Generated by org.testng.reporters.JUnitReportReporter -->
<testsuite skipped="0" hostname="Su-PC" name="org.jiahuan.shoppingcart_demo.ShoppingCart" tests="1" failures="0" timestamp="18 十二月 2019 16:27:40 GMT" time="0.015" errors="0">
  <testcase name="testName" time="0.015" classname="org.jiahuan.shoppingcart_demo.ShoppingCart"/>
</testsuite> <!-- org.jiahuan.shoppingcart_demo.ShoppingCart -->
